<?xml version="1.0" encoding="UTF-8"?>
<!-- Generated by org.testng.reporters.JUnitReportReporter -->
<testsuite skipped="0" hostname="DESKTOP-TINT7OF" name="tests.GoogleTest" tests="1" failures="0" timestamp="20 Apr 2019 16:45:48 GMT" time="12.524" errors="0">
  <testcase name="titleTest" time="12.524" classname="tests.GoogleTest"/>
</testsuite> <!-- tests.GoogleTest -->
